have_func: checking for rb_thread_blocking_region()... -------------------- yes

"gcc -o conftest -I/home/cis/.rvm/rubies/ruby-1.9.3-p125/include/ruby-1.9.1/x86_64-linux -I/home/cis/.rvm/rubies/ruby-1.9.3-p125/include/ruby-1.9.1/ruby/backward -I/home/cis/.rvm/rubies/ruby-1.9.3-p125/include/ruby-1.9.1 -I. -I/home/cis/.rvm/usr/include     -O3 -ggdb -Wextra -Wno-unused-parameter -Wno-parentheses -Wno-long-long -Wno-missing-field-initializers -Wpointer-arith -Wwrite-strings -Wdeclaration-after-statement -Wimplicit-function-declaration -fPIC conftest.c  -L. -L/home/cis/.rvm/rubies/ruby-1.9.3-p125/lib -Wl,-R/home/cis/.rvm/rubies/ruby-1.9.3-p125/lib -L/home/cis/.rvm/usr/lib -Wl,-R/home/cis/.rvm/usr/lib -L.  -rdynamic -Wl,-export-dynamic     -Wl,-R -Wl,/home/cis/.rvm/rubies/ruby-1.9.3-p125/lib -L/home/cis/.rvm/rubies/ruby-1.9.3-p125/lib -lruby  -lpthread -lrt -ldl -lcrypt -lm   -lc"
checked program was:
/* begin */
1: #include "ruby.h"
2: 
3: int main() {return 0;}
/* end */

"gcc -o conftest -I/home/cis/.rvm/rubies/ruby-1.9.3-p125/include/ruby-1.9.1/x86_64-linux -I/home/cis/.rvm/rubies/ruby-1.9.3-p125/include/ruby-1.9.1/ruby/backward -I/home/cis/.rvm/rubies/ruby-1.9.3-p125/include/ruby-1.9.1 -I. -I/home/cis/.rvm/usr/include     -O3 -ggdb -Wextra -Wno-unused-parameter -Wno-parentheses -Wno-long-long -Wno-missing-field-initializers -Wpointer-arith -Wwrite-strings -Wdeclaration-after-statement -Wimplicit-function-declaration -fPIC conftest.c  -L. -L/home/cis/.rvm/rubies/ruby-1.9.3-p125/lib -Wl,-R/home/cis/.rvm/rubies/ruby-1.9.3-p125/lib -L/home/cis/.rvm/usr/lib -Wl,-R/home/cis/.rvm/usr/lib -L.  -rdynamic -Wl,-export-dynamic     -Wl,-R -Wl,/home/cis/.rvm/rubies/ruby-1.9.3-p125/lib -L/home/cis/.rvm/rubies/ruby-1.9.3-p125/lib -lruby  -lpthread -lrt -ldl -lcrypt -lm   -lc"
checked program was:
/* begin */
1: #include "ruby.h"
2: 
3: /*top*/
4: int main() {return 0;}
5: int t() { void ((*volatile p)()); p = (void ((*)()))rb_thread_blocking_region; return 0; }
/* end */

--------------------

have_func: checking for rb_wait_for_single_fd()... -------------------- yes

"gcc -o conftest -I/home/cis/.rvm/rubies/ruby-1.9.3-p125/include/ruby-1.9.1/x86_64-linux -I/home/cis/.rvm/rubies/ruby-1.9.3-p125/include/ruby-1.9.1/ruby/backward -I/home/cis/.rvm/rubies/ruby-1.9.3-p125/include/ruby-1.9.1 -I. -I/home/cis/.rvm/usr/include     -O3 -ggdb -Wextra -Wno-unused-parameter -Wno-parentheses -Wno-long-long -Wno-missing-field-initializers -Wpointer-arith -Wwrite-strings -Wdeclaration-after-statement -Wimplicit-function-declaration -fPIC conftest.c  -L. -L/home/cis/.rvm/rubies/ruby-1.9.3-p125/lib -Wl,-R/home/cis/.rvm/rubies/ruby-1.9.3-p125/lib -L/home/cis/.rvm/usr/lib -Wl,-R/home/cis/.rvm/usr/lib -L.  -rdynamic -Wl,-export-dynamic     -Wl,-R -Wl,/home/cis/.rvm/rubies/ruby-1.9.3-p125/lib -L/home/cis/.rvm/rubies/ruby-1.9.3-p125/lib -lruby  -lpthread -lrt -ldl -lcrypt -lm   -lc"
conftest.c: In function ‘t’:
conftest.c:5: error: ‘rb_wait_for_single_fd’ undeclared (first use in this function)
conftest.c:5: error: (Each undeclared identifier is reported only once
conftest.c:5: error: for each function it appears in.)
checked program was:
/* begin */
1: #include "ruby.h"
2: 
3: /*top*/
4: int main() {return 0;}
5: int t() { void ((*volatile p)()); p = (void ((*)()))rb_wait_for_single_fd; return 0; }
/* end */

"gcc -o conftest -I/home/cis/.rvm/rubies/ruby-1.9.3-p125/include/ruby-1.9.1/x86_64-linux -I/home/cis/.rvm/rubies/ruby-1.9.3-p125/include/ruby-1.9.1/ruby/backward -I/home/cis/.rvm/rubies/ruby-1.9.3-p125/include/ruby-1.9.1 -I. -I/home/cis/.rvm/usr/include     -O3 -ggdb -Wextra -Wno-unused-parameter -Wno-parentheses -Wno-long-long -Wno-missing-field-initializers -Wpointer-arith -Wwrite-strings -Wdeclaration-after-statement -Wimplicit-function-declaration -fPIC conftest.c  -L. -L/home/cis/.rvm/rubies/ruby-1.9.3-p125/lib -Wl,-R/home/cis/.rvm/rubies/ruby-1.9.3-p125/lib -L/home/cis/.rvm/usr/lib -Wl,-R/home/cis/.rvm/usr/lib -L.  -rdynamic -Wl,-export-dynamic     -Wl,-R -Wl,/home/cis/.rvm/rubies/ruby-1.9.3-p125/lib -L/home/cis/.rvm/rubies/ruby-1.9.3-p125/lib -lruby  -lpthread -lrt -ldl -lcrypt -lm   -lc"
conftest.c: In function ‘t’:
conftest.c:5: warning: implicit declaration of function ‘rb_wait_for_single_fd’
checked program was:
/* begin */
1: #include "ruby.h"
2: 
3: /*top*/
4: int main() {return 0;}
5: int t() { rb_wait_for_single_fd(); return 0; }
/* end */

--------------------

have_header: checking for mysql.h... -------------------- yes

"gcc -E -I/home/cis/.rvm/rubies/ruby-1.9.3-p125/include/ruby-1.9.1/x86_64-linux -I/home/cis/.rvm/rubies/ruby-1.9.3-p125/include/ruby-1.9.1/ruby/backward -I/home/cis/.rvm/rubies/ruby-1.9.3-p125/include/ruby-1.9.1 -I. -I/home/cis/.rvm/usr/include    -I/usr/include/mysql  -DBIG_JOINS=1  -fno-strict-aliasing   -DUNIV_LINUX -DUNIV_LINUX  -O3 -ggdb -Wextra -Wno-unused-parameter -Wno-parentheses -Wno-long-long -Wno-missing-field-initializers -Wpointer-arith -Wwrite-strings -Wdeclaration-after-statement -Wimplicit-function-declaration -fPIC  conftest.c -o conftest.i"
checked program was:
/* begin */
1: #include "ruby.h"
2: 
3: #include <mysql.h>
/* end */

--------------------

have_header: checking for errmsg.h... -------------------- yes

"gcc -E -I/home/cis/.rvm/rubies/ruby-1.9.3-p125/include/ruby-1.9.1/x86_64-linux -I/home/cis/.rvm/rubies/ruby-1.9.3-p125/include/ruby-1.9.1/ruby/backward -I/home/cis/.rvm/rubies/ruby-1.9.3-p125/include/ruby-1.9.1 -I. -I/home/cis/.rvm/usr/include    -I/usr/include/mysql  -DBIG_JOINS=1  -fno-strict-aliasing   -DUNIV_LINUX -DUNIV_LINUX  -O3 -ggdb -Wextra -Wno-unused-parameter -Wno-parentheses -Wno-long-long -Wno-missing-field-initializers -Wpointer-arith -Wwrite-strings -Wdeclaration-after-statement -Wimplicit-function-declaration -fPIC  conftest.c -o conftest.i"
checked program was:
/* begin */
1: #include "ruby.h"
2: 
3: #include <errmsg.h>
/* end */

--------------------

have_header: checking for mysqld_error.h... -------------------- yes

"gcc -E -I/home/cis/.rvm/rubies/ruby-1.9.3-p125/include/ruby-1.9.1/x86_64-linux -I/home/cis/.rvm/rubies/ruby-1.9.3-p125/include/ruby-1.9.1/ruby/backward -I/home/cis/.rvm/rubies/ruby-1.9.3-p125/include/ruby-1.9.1 -I. -I/home/cis/.rvm/usr/include    -I/usr/include/mysql  -DBIG_JOINS=1  -fno-strict-aliasing   -DUNIV_LINUX -DUNIV_LINUX  -O3 -ggdb -Wextra -Wno-unused-parameter -Wno-parentheses -Wno-long-long -Wno-missing-field-initializers -Wpointer-arith -Wwrite-strings -Wdeclaration-after-statement -Wimplicit-function-declaration -fPIC  conftest.c -o conftest.i"
checked program was:
/* begin */
1: #include "ruby.h"
2: 
3: #include <mysqld_error.h>
/* end */

--------------------

